
question:do u have something
answer:Hope you like to have americano.


question:can i have menu
answer:We have
Americano
Caffe Latte
Cafe Mocha
Cappccino
Espresso
Indian FilterCoffee
Instant Coffee
Irish Cappccino
Hazelnut Cappccino
What would you like to have?


question:whats the rates of one espresso and cafe mocha
answer:Sir cafe mocha is of Rs. 120, espresso is of Rs. 120


question:give me two espresso please
answer:Sure! 2 espresso are on way. Please wait for sometime.


question:thank you
answer:Would you like indian filter coffee.
